<?xml version="1.0" encoding="UTF-8"?>
<!-- Generated by org.testng.reporters.JUnitXMLReporter -->
<testsuite ignored="0" hostname="KarthikNagulagama" failures="0" tests="4" name="ParaBankTests" time="78.82" errors="0" timestamp="2026-06-15T21:45:52 IST">
  <testcase classname="testcases.RegisterTest" name="verifyRegistrationAndLogin" time="5.857"/>
  <testcase classname="testcases.TransferFundsTest" name="verifyTransferFunds" time="49.274"/>
  <testcase classname="testcases.BillPayTest" name="verifyBillPayment" time="7.512"/>
  <testcase classname="testcases.DemoTest" name="test" time="0.002"/>
</testsuite> <!-- ParaBankTests -->
